
state 0
	$accept: .spec $end 
	items: .    (11)

	@  shift 4
	.  reduce 11 (src line 72)

	spec  goto 1
	unixtime  goto 2
	items  goto 3

state 1
	$accept:  spec.$end 

	$end  accept
	.  error


state 2
	spec:  unixtime.    (1)

	.  reduce 1 (src line 50)


state 3
	spec:  items.    (2)
	items:  items.item 

	T_INTEGER  shift 8
	T_MONTH  shift 9
	.  reduce 2 (src line 51)

	item  goto 5
	time  goto 6
	date  goto 7

state 4
	unixtime:  @.o_sign T_INTEGER 
	o_sign: .    (4)

	T_PLUS  shift 11
	T_MINUS  shift 12
	.  reduce 4 (src line 62)

	o_sign  goto 10

state 5
	items:  items item.    (12)

	.  reduce 12 (src line 74)


state 6
	item:  time.    (13)

	.  reduce 13 (src line 76)


state 7
	item:  date.    (14)

	.  reduce 14 (src line 77)


state 8
	time:  T_INTEGER.: T_INTEGER o_ampm_or_zone 
	time:  T_INTEGER.: T_INTEGER : T_INTEGER o_ampm_or_zone 
	time:  T_INTEGER.T_AMPM o_zone 
	date:  T_INTEGER.datesep T_INTEGER 
	date:  T_INTEGER.datesep T_INTEGER datesep T_INTEGER 
	date:  T_INTEGER.dayqual T_MONTH 
	date:  T_INTEGER.dayqual T_MONTH T_INTEGER 
	dayqual: .    (27)

	T_MINUS  shift 17
	T_AMPM  shift 14
	:  shift 13
	/  shift 18
	s  shift 19
	t  shift 22
	n  shift 20
	r  shift 21
	.  reduce 27 (src line 159)

	dayqual  goto 16
	datesep  goto 15

state 9
	date:  T_MONTH.T_INTEGER dayqual 
	date:  T_MONTH.T_INTEGER dayqual o_comma T_INTEGER 

	T_INTEGER  shift 23
	.  error


state 10
	unixtime:  @ o_sign.T_INTEGER 

	T_INTEGER  shift 24
	.  error


state 11
	o_sign:  T_PLUS.    (5)

	.  reduce 5 (src line 64)


state 12
	o_sign:  T_MINUS.    (6)

	.  reduce 6 (src line 64)


state 13
	time:  T_INTEGER :.T_INTEGER o_ampm_or_zone 
	time:  T_INTEGER :.T_INTEGER : T_INTEGER o_ampm_or_zone 

	T_INTEGER  shift 25
	.  error


state 14
	time:  T_INTEGER T_AMPM.o_zone 
	o_zone: .    (20)

	T_PLUS  shift 30
	T_MINUS  shift 31
	T_ZONE  shift 29
	.  reduce 20 (src line 103)

	sign  goto 28
	o_zone  goto 26
	zone  goto 27

state 15
	date:  T_INTEGER datesep.T_INTEGER 
	date:  T_INTEGER datesep.T_INTEGER datesep T_INTEGER 

	T_INTEGER  shift 32
	.  error


state 16
	date:  T_INTEGER dayqual.T_MONTH 
	date:  T_INTEGER dayqual.T_MONTH T_INTEGER 

	T_MONTH  shift 33
	.  error


state 17
	datesep:  T_MINUS.    (25)

	.  reduce 25 (src line 156)


state 18
	datesep:  /.    (26)

	.  reduce 26 (src line 157)


state 19
	dayqual:  s.t 

	t  shift 34
	.  error


state 20
	dayqual:  n.d 

	d  shift 35
	.  error


state 21
	dayqual:  r.d 

	d  shift 36
	.  error


state 22
	dayqual:  t.h 

	h  shift 37
	.  error


state 23
	date:  T_MONTH T_INTEGER.dayqual 
	date:  T_MONTH T_INTEGER.dayqual o_comma T_INTEGER 
	dayqual: .    (27)

	s  shift 19
	t  shift 22
	n  shift 20
	r  shift 21
	.  reduce 27 (src line 159)

	dayqual  goto 38

state 24
	unixtime:  @ o_sign T_INTEGER.    (3)

	.  reduce 3 (src line 53)


state 25
	time:  T_INTEGER : T_INTEGER.o_ampm_or_zone 
	time:  T_INTEGER : T_INTEGER.: T_INTEGER o_ampm_or_zone 
	o_zone: .    (20)

	T_PLUS  shift 30
	T_MINUS  shift 31
	T_AMPM  shift 42
	T_ZONE  shift 29
	:  shift 40
	.  reduce 20 (src line 103)

	sign  goto 28
	o_ampm_or_zone  goto 39
	o_zone  goto 41
	zone  goto 27

state 26
	time:  T_INTEGER T_AMPM o_zone.    (17)

	.  reduce 17 (src line 90)


state 27
	o_zone:  zone.    (21)

	.  reduce 21 (src line 105)


state 28
	zone:  sign.T_INTEGER 
	zone:  sign.T_INTEGER : T_INTEGER 

	T_INTEGER  shift 43
	.  error


state 29
	zone:  T_ZONE.    (24)

	.  reduce 24 (src line 125)


state 30
	sign:  T_PLUS.    (7)

	.  reduce 7 (src line 66)


state 31
	sign:  T_MINUS.    (8)

	.  reduce 8 (src line 67)


state 32
	date:  T_INTEGER datesep T_INTEGER.    (32)
	date:  T_INTEGER datesep T_INTEGER.datesep T_INTEGER 

	T_MINUS  shift 17
	/  shift 18
	.  reduce 32 (src line 167)

	datesep  goto 44

33: shift/reduce conflict (shift 45(0), red'n 34(0)) on T_INTEGER
state 33
	date:  T_INTEGER dayqual T_MONTH.    (34)
	date:  T_INTEGER dayqual T_MONTH.T_INTEGER 

	T_INTEGER  shift 45
	.  reduce 34 (src line 197)


state 34
	dayqual:  s t.    (28)

	.  reduce 28 (src line 161)


state 35
	dayqual:  n d.    (29)

	.  reduce 29 (src line 162)


state 36
	dayqual:  r d.    (30)

	.  reduce 30 (src line 163)


state 37
	dayqual:  t h.    (31)

	.  reduce 31 (src line 164)


 38: reduce/reduce conflict  (red'ns 35 and 9) on T_INTEGER
state 38
	date:  T_MONTH T_INTEGER dayqual.    (35)
	date:  T_MONTH T_INTEGER dayqual.o_comma T_INTEGER 
	o_comma: .    (9)

	T_INTEGER  reduce 9 (src line 69)
	,  shift 47
	.  reduce 35 (src line 202)

	o_comma  goto 46

state 39
	time:  T_INTEGER : T_INTEGER o_ampm_or_zone.    (15)

	.  reduce 15 (src line 81)


state 40
	time:  T_INTEGER : T_INTEGER :.T_INTEGER o_ampm_or_zone 

	T_INTEGER  shift 48
	.  error


state 41
	o_ampm_or_zone:  o_zone.    (18)

	.  reduce 18 (src line 95)


state 42
	o_ampm_or_zone:  T_AMPM.o_zone 
	o_zone: .    (20)

	T_PLUS  shift 30
	T_MINUS  shift 31
	T_ZONE  shift 29
	.  reduce 20 (src line 103)

	sign  goto 28
	o_zone  goto 49
	zone  goto 27

state 43
	zone:  sign T_INTEGER.    (22)
	zone:  sign T_INTEGER.: T_INTEGER 

	:  shift 50
	.  reduce 22 (src line 107)


state 44
	date:  T_INTEGER datesep T_INTEGER datesep.T_INTEGER 

	T_INTEGER  shift 51
	.  error


state 45
	date:  T_INTEGER dayqual T_MONTH T_INTEGER.    (36)

	.  reduce 36 (src line 212)


state 46
	date:  T_MONTH T_INTEGER dayqual o_comma.T_INTEGER 

	T_INTEGER  shift 52
	.  error


state 47
	o_comma:  ,.    (10)

	.  reduce 10 (src line 70)


state 48
	time:  T_INTEGER : T_INTEGER : T_INTEGER.o_ampm_or_zone 
	o_zone: .    (20)

	T_PLUS  shift 30
	T_MINUS  shift 31
	T_AMPM  shift 42
	T_ZONE  shift 29
	.  reduce 20 (src line 103)

	sign  goto 28
	o_ampm_or_zone  goto 53
	o_zone  goto 41
	zone  goto 27

state 49
	o_ampm_or_zone:  T_AMPM o_zone.    (19)

	.  reduce 19 (src line 99)


state 50
	zone:  sign T_INTEGER :.T_INTEGER 

	T_INTEGER  shift 54
	.  error


state 51
	date:  T_INTEGER datesep T_INTEGER datesep T_INTEGER.    (33)

	.  reduce 33 (src line 181)


state 52
	date:  T_MONTH T_INTEGER dayqual o_comma T_INTEGER.    (37)

	.  reduce 37 (src line 225)


state 53
	time:  T_INTEGER : T_INTEGER : T_INTEGER o_ampm_or_zone.    (16)

	.  reduce 16 (src line 86)


state 54
	zone:  sign T_INTEGER : T_INTEGER.    (23)

	.  reduce 23 (src line 117)


20 terminals, 15 nonterminals
38 grammar rules, 55/2000 states
1 shift/reduce, 1 reduce/reduce conflicts reported
64 working sets used
memory: parser 36/30000
8 extra closures
51 shift entries, 2 exceptions
19 goto entries
7 entries saved by goto default
Optimizer space used: output 67/30000
67 table entries, 0 zero
maximum spread: 20, maximum offset: 48
